[05:21:12] [main/INFO]: Loading Minecraft 1.21.2 with Fabric Loader 0.16.9
[05:21:12] [main/INFO]: Loading 4 mods:
	- fabricloader 0.16.9
	   \-- mixinextras 0.4.1
	- java 21
	- minecraft 1.21.2
[05:21:12] [main/INFO]: SpongePowered MIXIN Subsystem Version=0.8.7 Source=file:/workspaces/MSX/servidor_minecraft/libraries/net/fabricmc/sponge-mixin/0.15.4+mixin.0.8.7/sponge-mixin-0.15.4+mixin.0.8.7.jar Service=Knot/Fabric Env=SERVER
[05:21:20] [main/INFO]: Environment: Environment[sessionHost=https://sessionserver.mojang.com, servicesHost=https://api.minecraftservices.com, name=PROD]
[05:21:24] [main/INFO]: Loaded 1337 recipes
[05:21:24] [main/INFO]: Loaded 1448 advancements
[05:21:24] [Server thread/INFO]: Starting minecraft server version 1.21.2
[05:21:24] [Server thread/INFO]: Loading properties
[05:21:24] [Server thread/INFO]: Default game type: SURVIVAL
[05:21:24] [Server thread/INFO]: Generating keypair
[05:21:24] [Server thread/INFO]: Starting Minecraft server on *:25565
[05:21:24] [Server thread/INFO]: Using epoll channel type
[05:21:25] [Server thread/INFO]: Preparing level "world"
[05:21:25] [Server thread/INFO]: Preparing start region for dimension minecraft:overworld
[05:21:34] [Worker-Main-1/INFO]: Preparing spawn area: 0%
[05:21:34] [Worker-Main-1/INFO]: Preparing spawn area: 0%
[05:21:34] [Worker-Main-1/INFO]: Preparing spawn area: 0%
[05:21:34] [Worker-Main-1/INFO]: Preparing spawn area: 0%
[05:21:34] [Worker-Main-1/INFO]: Preparing spawn area: 0%
[05:21:34] [Worker-Main-1/INFO]: Preparing spawn area: 0%
[05:21:34] [Worker-Main-1/INFO]: Preparing spawn area: 0%
[05:21:34] [Worker-Main-1/INFO]: Preparing spawn area: 0%
[05:21:34] [Worker-Main-1/INFO]: Preparing spawn area: 0%
[05:21:34] [Worker-Main-1/INFO]: Preparing spawn area: 0%
[05:21:34] [Worker-Main-1/INFO]: Preparing spawn area: 0%
[05:21:34] [Worker-Main-1/INFO]: Preparing spawn area: 0%
[05:21:34] [Worker-Main-1/INFO]: Preparing spawn area: 0%
[05:21:34] [Worker-Main-1/INFO]: Preparing spawn area: 0%
[05:21:34] [Worker-Main-1/INFO]: Preparing spawn area: 0%
[05:21:34] [Worker-Main-1/INFO]: Preparing spawn area: 0%
[05:21:34] [Worker-Main-1/INFO]: Preparing spawn area: 0%
[05:21:34] [Worker-Main-1/INFO]: Preparing spawn area: 0%
[05:21:34] [Worker-Main-1/INFO]: Preparing spawn area: 0%
[05:21:34] [Server thread/INFO]: Time elapsed: 9541 ms
[05:21:34] [Server thread/INFO]: Done (9.925s)! For help, type "help"
[05:21:42] [User Authenticator #1/INFO]: UUID of player S0reee is 27ea5243-811d-4b74-bced-8cf40a2a89dd
[05:21:44] [Server thread/INFO]: S0reee[/100.81.184.48:61584] logged in with entity id 12 at (-72.5, 65.0, -45.5)
[05:21:44] [Server thread/INFO]: S0reee joined the game
[05:22:08] [Server thread/INFO]: S0reee lost connection: Disconnected
[05:22:08] [Server thread/INFO]: S0reee left the game
[05:22:38] [Server thread/INFO]: Stopping the server
[05:22:38] [Server thread/INFO]: Stopping server
[05:22:38] [Server thread/INFO]: Saving players
[05:22:38] [Server thread/INFO]: Saving worlds
[05:22:38] [Server thread/INFO]: Saving chunks for level 'ServerLevel[world]'/minecraft:overworld
[05:22:39] [Server thread/INFO]: Saving chunks for level 'ServerLevel[world]'/minecraft:the_end
[05:22:39] [Server thread/INFO]: Saving chunks for level 'ServerLevel[world]'/minecraft:the_nether
[05:22:39] [Server thread/INFO]: ThreadedAnvilChunkStorage (world): All chunks are saved
[05:22:39] [Server thread/INFO]: ThreadedAnvilChunkStorage (DIM1): All chunks are saved
[05:22:39] [Server thread/INFO]: ThreadedAnvilChunkStorage (DIM-1): All chunks are saved
[05:22:39] [Server thread/INFO]: ThreadedAnvilChunkStorage: All dimensions are saved
